2022-08-06 11:02:29 AM	This log contains information about the import schema operation into project 'wpDB' on computer 'NABIL' by user 'amime'.
2022-08-06 11:02:29 AM	Import of database schema has started.
2022-08-06 11:02:34 AM	Gathering database credentials
2022-08-06 11:02:34 AM	Gathering database options
2022-08-06 11:02:34 AM	Gathering generic database scoped configuration option
2022-08-06 11:02:34 AM	Gathering users
2022-08-06 11:02:34 AM	Gathering roles
2022-08-06 11:02:34 AM	Gathering application roles
2022-08-06 11:02:34 AM	Gathering role memberships
2022-08-06 11:02:34 AM	Gathering filegroups
2022-08-06 11:02:34 AM	Gathering full-text catalogs
2022-08-06 11:02:34 AM	Gathering assemblies
2022-08-06 11:02:34 AM	Gathering certificates
2022-08-06 11:02:34 AM	Gathering asymmetric keys
2022-08-06 11:02:34 AM	Gathering symmetric keys
2022-08-06 11:02:34 AM	Gathering encrypted symmetric keys
2022-08-06 11:02:34 AM	Gathering schemas
2022-08-06 11:02:34 AM	Gathering XML schema collections
2022-08-06 11:02:34 AM	Gathering user-defined data types
2022-08-06 11:02:34 AM	Gathering user-defined types
2022-08-06 11:02:34 AM	Gathering table types
2022-08-06 11:02:34 AM	Gathering unique keys for table types
2022-08-06 11:02:34 AM	Gathering primary keys for table types
2022-08-06 11:02:34 AM	Gathering indexes for table types
2022-08-06 11:02:34 AM	Gathering check constraints for table types
2022-08-06 11:02:34 AM	Gathering default constraints for table types
2022-08-06 11:02:34 AM	Gathering partition functions
2022-08-06 11:02:34 AM	Gathering partition schemes
2022-08-06 11:02:34 AM	Gathering functions
2022-08-06 11:02:34 AM	Gathering encrypted functions
2022-08-06 11:02:34 AM	Gathering aggregates
2022-08-06 11:02:34 AM	Gathering procedures
2022-08-06 11:02:34 AM	Gathering encrypted procedures
2022-08-06 11:02:34 AM	Gathering tables
2022-08-06 11:02:34 AM	Gathering primary keys
2022-08-06 11:02:34 AM	Gathering unique constraints
2022-08-06 11:02:34 AM	Gathering foreign keys
2022-08-06 11:02:34 AM	Gathering default constraints
2022-08-06 11:02:34 AM	Gathering check constraints
2022-08-06 11:02:34 AM	Gathering views
2022-08-06 11:02:34 AM	Gathering encrypted views
2022-08-06 11:02:34 AM	Gathering indexes
2022-08-06 11:02:34 AM	Gathering statistics
2022-08-06 11:02:34 AM	Gathering full-text index stoplists
2022-08-06 11:02:34 AM	Gathering search property lists
2022-08-06 11:02:34 AM	Gathering search properties
2022-08-06 11:02:34 AM	Gathering full-text indexes
2022-08-06 11:02:34 AM	Gathering column store indexes
2022-08-06 11:02:34 AM	Gathering spatial indexes
2022-08-06 11:02:34 AM	Gathering XML indexes
2022-08-06 11:02:35 AM	Gathering Selective XML indexes
2022-08-06 11:02:35 AM	Gathering encrypted triggers
2022-08-06 11:02:35 AM	Gathering triggers
2022-08-06 11:02:35 AM	Gathering encrypted and clr ddl triggers
2022-08-06 11:02:35 AM	Gathering ddl triggers
2022-08-06 11:02:35 AM	Creating edge constraints
2022-08-06 11:02:35 AM	Gathering synonyms
2022-08-06 11:02:35 AM	Gathering defaults
2022-08-06 11:02:35 AM	Gathering data constraint uddt bindings
2022-08-06 11:02:35 AM	Gathering rules
2022-08-06 11:02:35 AM	Gathering data constraint uddt bindings
2022-08-06 11:02:35 AM	Gathering message types
2022-08-06 11:02:35 AM	Gathering queues
2022-08-06 11:02:35 AM	Gathering contracts
2022-08-06 11:02:35 AM	Gathering services
2022-08-06 11:02:35 AM	Gathering event notifications
2022-08-06 11:02:35 AM	Gathering remote service bindings
2022-08-06 11:02:35 AM	Gathering broker priorities
2022-08-06 11:02:35 AM	Gathering signatures
2022-08-06 11:02:35 AM	Gathering data compression options
2022-08-06 11:02:35 AM	Gathering sequence types
2022-08-06 11:02:35 AM	Gathering security policies
2022-08-06 11:02:35 AM	Gather column encryption keys
2022-08-06 11:02:35 AM	Gathering column master keys
2022-08-06 11:02:35 AM	Gathering external data sources
2022-08-06 11:02:35 AM	Gathering external file formats
2022-08-06 11:02:35 AM	Gathering external tables
2022-08-06 11:02:35 AM	Gathering extended properties
2022-08-06 11:02:36 AM	Gathering assemblies
2022-08-06 11:02:36 AM	Gathering credentials
2022-08-06 11:02:36 AM	Gathering logins
2022-08-06 11:02:36 AM	Gathering server audits
2022-08-06 11:02:36 AM	Finished importing database.
2022-08-06 11:02:36 AM	A summary of the import was saved to the following location: D:\Workplanner\DB\wpDB\wpDB\Import Schema Logs\wpDB_20220806030229.log
2022-08-06 11:02:36 AM	Click Finish to continue...
